<?xml version="1.0" encoding="UTF-8"?>
<!-- Generated by org.testng.reporters.JUnitReportReporter -->
<testsuite skipped="0" hostname="UDAYANAND" name="com.vajra.qa.testcases.LoginPageTest" tests="2" failures="0" timestamp="16 Jul 2018 09:04:24 GMT" time="32.501" errors="0">
  <testcase name="enterLoginPage" time="22.805" classname="com.vajra.qa.testcases.LoginPageTest"/>
  <testcase name="loginPageTitleTest" time="9.696" classname="com.vajra.qa.testcases.LoginPageTest"/>
</testsuite> <!-- com.vajra.qa.testcases.LoginPageTest -->
